build/intermediates/manifest_merge_blame_file/release/manifest-merger-blame-release-report.txt
1<?xml version="1.0" encoding="utf-8"?>
2<manifest xmlns:android="http://schemas.android.com/apk/res/android"
3    package="org.askerov.dynamicgrid"
4    android:versionCode="1"
5    android:versionName="1.0" >
6
7    <uses-sdk
7-->src/main/AndroidManifest.xml:7:5-9:44
8        android:minSdkVersion="14"
8-->src/main/AndroidManifest.xml:8:13-38
9        android:targetSdkVersion="33" />
9-->src/main/AndroidManifest.xml:9:13-42
10
11</manifest>